Determining if the pthread_create exist failed with the following output:
Change Dir: /nfsmnt/121090869/CUHKSZ-CSC4005/project1/CMakeFiles/CMakeTmp

Run Build Command(s):/usr/bin/gmake cmTC_3ccd9/fast 
/usr/bin/gmake -f CMakeFiles/cmTC_3ccd9.dir/build.make CMakeFiles/cmTC_3ccd9.dir/build
gmake[1]: Entering directory `/nfsmnt/121090869/CUHKSZ-CSC4005/project1/CMakeFiles/CMakeTmp'
Building CXX object CMakeFiles/cmTC_3ccd9.dir/CheckSymbolExists.cxx.o
/opt/rh/devtoolset-7/root/usr/bin/c++    -std=gnu++11 -o CMakeFiles/cmTC_3ccd9.dir/CheckSymbolExists.cxx.o -c /nfsmnt/121090869/CUHKSZ-CSC4005/project1/CMakeFiles/CMakeTmp/CheckSymbolExists.cxx
Linking CXX executable cmTC_3ccd9
/usr/local/bin/cmake -E cmake_link_script CMakeFiles/cmTC_3ccd9.dir/link.txt --verbose=1
/opt/rh/devtoolset-7/root/usr/bin/c++       CMakeFiles/cmTC_3ccd9.dir/CheckSymbolExists.cxx.o  -o cmTC_3ccd9 
CMakeFiles/cmTC_3ccd9.dir/CheckSymbolExists.cxx.o: In function `main':
CheckSymbolExists.cxx:(.text+0x16): undefined reference to `pthread_create'
collect2: error: ld returned 1 exit status
gmake[1]: *** [cmTC_3ccd9] Error 1
gmake[1]: Leaving directory `/nfsmnt/121090869/CUHKSZ-CSC4005/project1/CMakeFiles/CMakeTmp'
gmake: *** [cmTC_3ccd9/fast] Error 2

File /nfsmnt/121090869/CUHKSZ-CSC4005/project1/CMakeFiles/CMakeTmp/CheckSymbolExists.cxx:
/* */
#include <pthread.h>

int main(int argc, char** argv)
{
  (void)argv;
#ifndef pthread_create
  return ((int*)(&pthread_create))[argc];
#else
  (void)argc;
  return 0;
#endif
}

Determining if the function pthread_create exists in the pthreads failed with the following output:
Change Dir: /nfsmnt/121090869/CUHKSZ-CSC4005/project1/CMakeFiles/CMakeTmp

Run Build Command(s):/usr/bin/gmake cmTC_b78fd/fast 
/usr/bin/gmake -f CMakeFiles/cmTC_b78fd.dir/build.make CMakeFiles/cmTC_b78fd.dir/build
gmake[1]: Entering directory `/nfsmnt/121090869/CUHKSZ-CSC4005/project1/CMakeFiles/CMakeTmp'
Building CXX object CMakeFiles/cmTC_b78fd.dir/CheckFunctionExists.cxx.o
/opt/rh/devtoolset-7/root/usr/bin/c++    -DCHECK_FUNCTION_EXISTS=pthread_create   -std=gnu++11 -o CMakeFiles/cmTC_b78fd.dir/CheckFunctionExists.cxx.o -c /nfsmnt/121090869/CUHKSZ-CSC4005/project1/CMakeFiles/CheckLibraryExists/CheckFunctionExists.cxx
Linking CXX executable cmTC_b78fd
/usr/local/bin/cmake -E cmake_link_script CMakeFiles/cmTC_b78fd.dir/link.txt --verbose=1
/opt/rh/devtoolset-7/root/usr/bin/c++   -DCHECK_FUNCTION_EXISTS=pthread_create    CMakeFiles/cmTC_b78fd.dir/CheckFunctionExists.cxx.o  -o cmTC_b78fd -lpthreads 
/opt/rh/devtoolset-7/root/usr/libexec/gcc/x86_64-redhat-linux/7/ld: cannot find -lpthreads
collect2: error: ld returned 1 exit status
gmake[1]: *** [cmTC_b78fd] Error 1
gmake[1]: Leaving directory `/nfsmnt/121090869/CUHKSZ-CSC4005/project1/CMakeFiles/CMakeTmp'
gmake: *** [cmTC_b78fd/fast] Error 2


